\BOOKMARK [1][-]{section.1}{Paragraph}{}% 1
\BOOKMARK [1][-]{section.2}{American Foreign Policy in 1930s}{}% 2
\BOOKMARK [2][-]{subsection.2.1}{Herbert Hoover's Foreign Policy}{section.2}% 3
\BOOKMARK [3][-]{subsubsection.2.1.1}{Japanese Aggression}{subsection.2.1}% 4
\BOOKMARK [3][-]{subsubsection.2.1.2}{Latin America}{subsection.2.1}% 5
\BOOKMARK [2][-]{subsection.2.2}{Franklin Roosevelt's Policies, 1933-1938}{section.2}% 6
\BOOKMARK [3][-]{subsubsection.2.2.1}{Good-Neighbor Policy}{subsection.2.2}% 7
\BOOKMARK [1][-]{section.3}{Isolationism and Neutrality- beliefs and policies}{}% 8
\BOOKMARK [2][-]{subsection.3.1}{Learning from World War 1}{section.3}% 9
\BOOKMARK [2][-]{subsection.3.2}{Neutrality Acts}{section.3}% 10
\BOOKMARK [2][-]{subsection.3.3}{Spanish Civil War}{section.3}% 11
\BOOKMARK [2][-]{subsection.3.4}{America First Commitee}{section.3}% 12
\BOOKMARK [1][-]{section.4}{Events that shifted from neutrality to war}{}% 13
\BOOKMARK [2][-]{subsection.4.1}{Appeasement}{section.4}% 14
\BOOKMARK [2][-]{subsection.4.2}{Cash and Carry}{section.4}% 15
\BOOKMARK [2][-]{subsection.4.3}{Selective Service Act\(1940\)}{section.4}% 16
\BOOKMARK [1][-]{section.5}{Actions in Japan}{}% 17
\BOOKMARK [2][-]{subsection.5.1}{U.S. Economic Action}{section.5}% 18
\BOOKMARK [2][-]{subsection.5.2}{Negotiations}{section.5}% 19
\BOOKMARK [2][-]{subsection.5.3}{Pearl Harbor}{section.5}% 20
\BOOKMARK [1][-]{section.6}{Home front- impact of the war on civilians}{}% 21
\BOOKMARK [2][-]{subsection.6.1}{Mobilization}{section.6}% 22
\BOOKMARK [2][-]{subsection.6.2}{The War's Impact on Society}{section.6}% 23
\BOOKMARK [3][-]{subsubsection.6.2.1}{African Americans}{subsection.6.2}% 24
\BOOKMARK [3][-]{subsubsection.6.2.2}{Mexican Americans}{subsection.6.2}% 25
\BOOKMARK [3][-]{subsubsection.6.2.3}{American Indians}{subsection.6.2}% 26
\BOOKMARK [3][-]{subsubsection.6.2.4}{Japanese Americans}{subsection.6.2}% 27
\BOOKMARK [3][-]{subsubsection.6.2.5}{Women}{subsection.6.2}% 28
\BOOKMARK [3][-]{subsubsection.6.2.6}{Wartime Solidarity}{subsection.6.2}% 29
\BOOKMARK [1][-]{section.7}{Battlefield- conditions, turning points}{}% 30
